[04:43:18] [main/INFO]: Environment: authHost='https://authserver.mojang.com', accountsHost='https://api.mojang.com', sessionHost='https://sessionserver.mojang.com', servicesHost='https://api.minecraftservices.com', name='PROD'
[04:43:19] [main/INFO]: Reloading ResourceManager: Default, bukkit
[04:43:19] [Worker-Main-12/INFO]: Loaded 7 recipes
[04:43:21] [Server thread/INFO]: Starting minecraft server version 1.16.5
[04:43:21] [Server thread/INFO]: Loading properties
[04:43:22] [Server thread/INFO]: This server is running CraftBukkit version 2991-Spigot-018b9a0-f3f3094 (MC: 1.16.5) (Implementing API version 1.16.5-R0.1-SNAPSHOT)
[04:43:23] [Server thread/INFO]: Debug logging is disabled
[04:43:23] [Server thread/INFO]: Server Ping Player Sample Count: 12
[04:43:23] [Server thread/INFO]: Using 4 threads for Netty based IO
[04:43:23] [Server thread/INFO]: Default game type: SURVIVAL
[04:43:23] [Server thread/INFO]: Generating keypair
[04:43:23] [Server thread/INFO]: Starting Minecraft server on *:25565
[04:43:23] [Server thread/INFO]: Using default channel type
[04:43:24] [Server thread/WARN]: Initializing Legacy Material Support. Unless you have legacy plugins and/or data this is a bug!
[04:43:27] [Server thread/WARN]: Legacy plugin ajStartCommands v2.0.3 does not specify an api-version.
[04:43:27] [Server thread/WARN]: Legacy plugin Tiny_Essentials v2.2.1 does not specify an api-version.
[04:43:27] [Server thread/ERROR]: Could not load 'plugins\EpicItems-1.3.jar' in folder 'plugins'
org.bukkit.plugin.InvalidPluginException: Unsupported API version 1.17
	at org.bukkit.craftbukkit.v1_16_R3.util.CraftMagicNumbers.checkSupported(CraftMagicNumbers.java:304) ~[server.jar:2991-Spigot-018b9a0-f3f3094]
	at org.bukkit.plugin.java.JavaPluginLoader.loadPlugin(JavaPluginLoader.java:131) ~[server.jar:2991-Spigot-018b9a0-f3f3094]
	at org.bukkit.plugin.SimplePluginManager.loadPlugin(SimplePluginManager.java:394) ~[server.jar:2991-Spigot-018b9a0-f3f3094]
	at org.bukkit.plugin.SimplePluginManager.loadPlugins(SimplePluginManager.java:301) [server.jar:2991-Spigot-018b9a0-f3f3094]
	at org.bukkit.craftbukkit.v1_16_R3.CraftServer.loadPlugins(CraftServer.java:383) [server.jar:2991-Spigot-018b9a0-f3f3094]
	at net.minecraft.server.v1_16_R3.DedicatedServer.init(DedicatedServer.java:185) [server.jar:2991-Spigot-018b9a0-f3f3094]
	at net.minecraft.server.v1_16_R3.MinecraftServer.w(MinecraftServer.java:809) [server.jar:2991-Spigot-018b9a0-f3f3094]
	at net.minecraft.server.v1_16_R3.MinecraftServer.lambda$0(MinecraftServer.java:164) [server.jar:2991-Spigot-018b9a0-f3f3094]
	at net.minecraft.server.v1_16_R3.MinecraftServer$$Lambda$3204/1030093739.run(Unknown Source) [server.jar:2991-Spigot-018b9a0-f3f3094]
	at java.lang.Thread.run(Unknown Source) [?:1.8.0_51]
[04:43:27] [Server thread/WARN]: Legacy plugin Ping v0.1 does not specify an api-version.
[04:43:27] [Server thread/WARN]: Legacy plugin Chiseler-Tool v1.0 does not specify an api-version.
[04:43:27] [Server thread/INFO]: [ajStartCommands] Loading ajStartCommands v2.0.3
[04:43:27] [Server thread/INFO]: [SetHomes] Loading SetHomes v1.3.0
[04:43:27] [Server thread/INFO]: [Tiny_Essentials] Loading Tiny_Essentials v2.2.1
[04:43:27] [Server thread/INFO]: [Ping] Loading Ping v0.1
[04:43:27] [Server thread/INFO]: [Chiseler-Tool] Loading Chiseler-Tool v1.0
[04:43:27] [Server thread/WARN]: **** SERVER IS RUNNING IN OFFLINE/INSECURE MODE!
[04:43:27] [Server thread/WARN]: The server will make no attempt to authenticate usernames. Beware.
[04:43:27] [Server thread/WARN]: While this makes the game possible to play without internet access, it also opens up the ability for hackers to connect with any username they choose.
[04:43:27] [Server thread/WARN]: To change this, set "online-mode" to "true" in the server.properties file.
[04:43:27] [Server thread/INFO]: Preparing level "Bakersland"
[04:43:27] [Server thread/INFO]: -------- World Settings For [Bakersland] --------
[04:43:27] [Server thread/INFO]: Entity Tracking Range: Pl 48 / An 48 / Mo 48 / Mi 32 / Other 64
[04:43:27] [Server thread/INFO]: View Distance: 5
[04:43:27] [Server thread/INFO]: Item Despawn Rate: 6000
[04:43:27] [Server thread/INFO]: Item Merge Radius: 2.5
[04:43:27] [Server thread/INFO]: Allow Zombie Pigmen to spawn from portal blocks: true
[04:43:27] [Server thread/INFO]: Nerfing mobs spawned from spawners: false
[04:43:27] [Server thread/INFO]: Zombie Aggressive Towards Villager: true
[04:43:27] [Server thread/INFO]: Arrow Despawn Rate: 1200 Trident Respawn Rate:1200
[04:43:27] [Server thread/INFO]: Experience Merge Radius: 3.0
[04:43:27] [Server thread/INFO]: Cactus Growth Modifier: 100%
[04:43:27] [Server thread/INFO]: Cane Growth Modifier: 100%
[04:43:27] [Server thread/INFO]: Melon Growth Modifier: 100%
[04:43:27] [Server thread/INFO]: Mushroom Growth Modifier: 100%
[04:43:27] [Server thread/INFO]: Pumpkin Growth Modifier: 100%
[04:43:27] [Server thread/INFO]: Sapling Growth Modifier: 100%
[04:43:27] [Server thread/INFO]: Beetroot Growth Modifier: 100%
[04:43:27] [Server thread/INFO]: Carrot Growth Modifier: 100%
[04:43:27] [Server thread/INFO]: Potato Growth Modifier: 100%
[04:43:27] [Server thread/INFO]: Wheat Growth Modifier: 100%
[04:43:27] [Server thread/INFO]: NetherWart Growth Modifier: 100%
[04:43:27] [Server thread/INFO]: Vine Growth Modifier: 100%
[04:43:27] [Server thread/INFO]: Cocoa Growth Modifier: 100%
[04:43:27] [Server thread/INFO]: Bamboo Growth Modifier: 100%
[04:43:27] [Server thread/INFO]: SweetBerry Growth Modifier: 100%
[04:43:27] [Server thread/INFO]: Kelp Growth Modifier: 100%
[04:43:27] [Server thread/INFO]: Mob Spawn Range: 6
[04:43:27] [Server thread/INFO]: Hopper Transfer: 8 Hopper Check: 1 Hopper Amount: 1
[04:43:27] [Server thread/INFO]: Entity Activation Range: An 32 / Mo 32 / Ra 48 / Mi 16 / Tiv true
[04:43:27] [Server thread/INFO]: Max TNT Explosions: 100
[04:43:27] [Server thread/INFO]: Tile Max Tick Time: 50ms Entity max Tick Time: 50ms
[04:43:27] [Server thread/INFO]: Custom Map Seeds:  Village: 10387312 Desert: 14357617 Igloo: 14357618 Jungle: 14357619 Swamp: 14357620 Monument: 10387313 Ocean: 14357621 Shipwreck: 165745295 End City: 10387313 Slime: 987234911 Bastion: 30084232 Fortress: 30084232 Mansion: 10387319 Fossil: 14357921 Portal: 34222645
[04:43:27] [Server thread/INFO]: -------- World Settings For [Bakersland_nether] --------
[04:43:27] [Server thread/INFO]: Entity Tracking Range: Pl 48 / An 48 / Mo 48 / Mi 32 / Other 64
[04:43:27] [Server thread/INFO]: View Distance: 5
[04:43:27] [Server thread/INFO]: Item Despawn Rate: 6000
[04:43:27] [Server thread/INFO]: Item Merge Radius: 2.5
[04:43:27] [Server thread/INFO]: Allow Zombie Pigmen to spawn from portal blocks: true
[04:43:27] [Server thread/INFO]: Nerfing mobs spawned from spawners: false
[04:43:27] [Server thread/INFO]: Zombie Aggressive Towards Villager: true
[04:43:27] [Server thread/INFO]: Arrow Despawn Rate: 1200 Trident Respawn Rate:1200
[04:43:27] [Server thread/INFO]: Experience Merge Radius: 3.0
[04:43:27] [Server thread/INFO]: Cactus Growth Modifier: 100%
[04:43:27] [Server thread/INFO]: Cane Growth Modifier: 100%
[04:43:27] [Server thread/INFO]: Melon Growth Modifier: 100%
[04:43:27] [Server thread/INFO]: Mushroom Growth Modifier: 100%
[04:43:27] [Server thread/INFO]: Pumpkin Growth Modifier: 100%
[04:43:27] [Server thread/INFO]: Sapling Growth Modifier: 100%
[04:43:27] [Server thread/INFO]: Beetroot Growth Modifier: 100%
[04:43:27] [Server thread/INFO]: Carrot Growth Modifier: 100%
[04:43:27] [Server thread/INFO]: Potato Growth Modifier: 100%
[04:43:27] [Server thread/INFO]: Wheat Growth Modifier: 100%
[04:43:27] [Server thread/INFO]: NetherWart Growth Modifier: 100%
[04:43:27] [Server thread/INFO]: Vine Growth Modifier: 100%
[04:43:27] [Server thread/INFO]: Cocoa Growth Modifier: 100%
[04:43:27] [Server thread/INFO]: Bamboo Growth Modifier: 100%
[04:43:27] [Server thread/INFO]: SweetBerry Growth Modifier: 100%
[04:43:27] [Server thread/INFO]: Kelp Growth Modifier: 100%
[04:43:28] [Server thread/INFO]: Mob Spawn Range: 6
[04:43:28] [Server thread/INFO]: Hopper Transfer: 8 Hopper Check: 1 Hopper Amount: 1
[04:43:28] [Server thread/INFO]: Entity Activation Range: An 32 / Mo 32 / Ra 48 / Mi 16 / Tiv true
[04:43:28] [Server thread/INFO]: Max TNT Explosions: 100
[04:43:28] [Server thread/INFO]: Tile Max Tick Time: 50ms Entity max Tick Time: 50ms
[04:43:28] [Server thread/INFO]: Custom Map Seeds:  Village: 10387312 Desert: 14357617 Igloo: 14357618 Jungle: 14357619 Swamp: 14357620 Monument: 10387313 Ocean: 14357621 Shipwreck: 165745295 End City: 10387313 Slime: 987234911 Bastion: 30084232 Fortress: 30084232 Mansion: 10387319 Fossil: 14357921 Portal: 34222645
[04:43:28] [Server thread/INFO]: -------- World Settings For [Bakersland_the_end] --------
[04:43:28] [Server thread/INFO]: Entity Tracking Range: Pl 48 / An 48 / Mo 48 / Mi 32 / Other 64
[04:43:28] [Server thread/INFO]: View Distance: 5
[04:43:28] [Server thread/INFO]: Item Despawn Rate: 6000
[04:43:28] [Server thread/INFO]: Item Merge Radius: 2.5
[04:43:28] [Server thread/INFO]: Allow Zombie Pigmen to spawn from portal blocks: true
[04:43:28] [Server thread/INFO]: Nerfing mobs spawned from spawners: false
[04:43:28] [Server thread/INFO]: Zombie Aggressive Towards Villager: true
[04:43:28] [Server thread/INFO]: Arrow Despawn Rate: 1200 Trident Respawn Rate:1200
[04:43:28] [Server thread/INFO]: Experience Merge Radius: 3.0
[04:43:28] [Server thread/INFO]: Cactus Growth Modifier: 100%
[04:43:28] [Server thread/INFO]: Cane Growth Modifier: 100%
[04:43:28] [Server thread/INFO]: Melon Growth Modifier: 100%
[04:43:28] [Server thread/INFO]: Mushroom Growth Modifier: 100%
[04:43:28] [Server thread/INFO]: Pumpkin Growth Modifier: 100%
[04:43:28] [Server thread/INFO]: Sapling Growth Modifier: 100%
[04:43:28] [Server thread/INFO]: Beetroot Growth Modifier: 100%
[04:43:28] [Server thread/INFO]: Carrot Growth Modifier: 100%
[04:43:28] [Server thread/INFO]: Potato Growth Modifier: 100%
[04:43:28] [Server thread/INFO]: Wheat Growth Modifier: 100%
[04:43:28] [Server thread/INFO]: NetherWart Growth Modifier: 100%
[04:43:28] [Server thread/INFO]: Vine Growth Modifier: 100%
[04:43:28] [Server thread/INFO]: Cocoa Growth Modifier: 100%
[04:43:28] [Server thread/INFO]: Bamboo Growth Modifier: 100%
[04:43:28] [Server thread/INFO]: SweetBerry Growth Modifier: 100%
[04:43:28] [Server thread/INFO]: Kelp Growth Modifier: 100%
[04:43:28] [Server thread/INFO]: Mob Spawn Range: 6
[04:43:28] [Server thread/INFO]: Hopper Transfer: 8 Hopper Check: 1 Hopper Amount: 1
[04:43:28] [Server thread/INFO]: Entity Activation Range: An 32 / Mo 32 / Ra 48 / Mi 16 / Tiv true
[04:43:28] [Server thread/INFO]: Max TNT Explosions: 100
[04:43:28] [Server thread/INFO]: Tile Max Tick Time: 50ms Entity max Tick Time: 50ms
[04:43:28] [Server thread/INFO]: Custom Map Seeds:  Village: 10387312 Desert: 14357617 Igloo: 14357618 Jungle: 14357619 Swamp: 14357620 Monument: 10387313 Ocean: 14357621 Shipwreck: 165745295 End City: 10387313 Slime: 987234911 Bastion: 30084232 Fortress: 30084232 Mansion: 10387319 Fossil: 14357921 Portal: 34222645
[04:43:28] [Server thread/INFO]: Preparing start region for dimension minecraft:overworld
[04:43:29] [Server thread/INFO]: Preparing spawn area: 0%
[04:43:29] [Server thread/INFO]: Preparing spawn area: 0%
[04:43:29] [Server thread/INFO]: Preparing spawn area: 0%
[04:43:29] [Server thread/INFO]: Preparing spawn area: 0%
[04:43:32] [Worker-Main-10/INFO]: Preparing spawn area: 83%
[04:43:32] [Worker-Main-16/INFO]: Preparing spawn area: 83%
[04:43:32] [Worker-Main-16/INFO]: Preparing spawn area: 83%
[04:43:32] [Worker-Main-16/INFO]: Preparing spawn area: 83%
[04:43:32] [Worker-Main-16/INFO]: Preparing spawn area: 83%
[04:43:32] [Worker-Main-16/INFO]: Preparing spawn area: 83%
[04:43:33] [Worker-Main-11/INFO]: Preparing spawn area: 83%
[04:43:33] [Worker-Main-10/INFO]: Preparing spawn area: 83%
[04:43:34] [Worker-Main-13/INFO]: Preparing spawn area: 83%
[04:43:34] [Server thread/INFO]: Preparing spawn area: 86%
[04:43:35] [Worker-Main-11/INFO]: Preparing spawn area: 93%
[04:43:35] [Server thread/INFO]: Time elapsed: 7361 ms
[04:43:35] [Server thread/INFO]: Preparing start region for dimension minecraft:the_nether
[04:43:35] [Server thread/INFO]: Preparing spawn area: 0%
[04:43:35] [Worker-Main-13/INFO]: Preparing spawn area: 83%
[04:43:36] [Worker-Main-15/INFO]: Preparing spawn area: 83%
[04:43:36] [Worker-Main-13/INFO]: Preparing spawn area: 83%
[04:43:37] [Worker-Main-9/INFO]: Preparing spawn area: 89%
[04:43:37] [Server thread/INFO]: Time elapsed: 2471 ms
[04:43:37] [Server thread/INFO]: Preparing start region for dimension minecraft:the_end
[04:43:38] [Server thread/INFO]: Preparing spawn area: 0%
[04:43:38] [Worker-Main-9/INFO]: Preparing spawn area: 99%
[04:43:38] [Server thread/INFO]: Time elapsed: 505 ms
[04:43:38] [Server thread/INFO]: [ajStartCommands] Enabling ajStartCommands v2.0.3
[04:43:38] [Server thread/INFO]: ajStartCommands v2.0.3 by ajgeiss0702 has been enabled!
[04:43:38] [Server thread/INFO]: [SetHomes] Enabling SetHomes v1.3.0
[04:43:38] [Server thread/INFO]: [SetHomes] Luck perms was not found! Reverting to vault...
[04:43:38] [Server thread/INFO]: [SetHomes] Vault was not found.
[04:43:38] [Server thread/WARN]: [SetHomes] Could not connect to a permissions plugin! Config setting "max-homes" will be ignored!
[04:43:38] [Server thread/INFO]: [Tiny_Essentials] Enabling Tiny_Essentials v2.2.1
[04:43:38] [Server thread/INFO]: [Tiny_Essentials] Color:[rgb0x0800]TinyEssentials is created by Inwin1. Thank you for using my plugin, and enjoy :)
[04:43:38] [Server thread/INFO]: [Ping] Enabling Ping v0.1
[04:43:38] [Server thread/INFO]: [Chiseler-Tool] Enabling Chiseler-Tool v1.0
[04:43:38] [Server thread/INFO]: Server permissions file permissions.yml is empty, ignoring it
[04:43:38] [Server thread/INFO]: Done (11.025s)! For help, type "help"
[04:43:38] [Server thread/INFO]: [Server] the server just started!
[04:43:38] [Server thread/INFO]: Nothing changed. The player already is an operator
[04:43:45] [main/INFO]: Environment: authHost='https://authserver.mojang.com', accountsHost='https://api.mojang.com', sessionHost='https://sessionserver.mojang.com', servicesHost='https://api.minecraftservices.com', name='PROD'
[04:43:45] [main/FATAL]: Failed to start the minecraft server
java.io.IOException: The process cannot access the file because another process has locked a portion of the file
	at sun.nio.ch.FileDispatcherImpl.write0(Native Method) ~[?:1.8.0_51]
	at sun.nio.ch.FileDispatcherImpl.write(Unknown Source) ~[?:1.8.0_51]
	at sun.nio.ch.IOUtil.writeFromNativeBuffer(Unknown Source) ~[?:1.8.0_51]
	at sun.nio.ch.IOUtil.write(Unknown Source) ~[?:1.8.0_51]
	at sun.nio.ch.FileChannelImpl.write(Unknown Source) ~[?:1.8.0_51]
	at net.minecraft.server.v1_16_R3.SessionLock.a(SourceFile:40) ~[server.jar:2991-Spigot-018b9a0-f3f3094]
	at net.minecraft.server.v1_16_R3.Convertable$ConversionSession.<init>(Convertable.java:218) ~[server.jar:2991-Spigot-018b9a0-f3f3094]
	at net.minecraft.server.v1_16_R3.Convertable.c(Convertable.java:200) ~[server.jar:2991-Spigot-018b9a0-f3f3094]
	at net.minecraft.server.v1_16_R3.Main.main(Main.java:97) [server.jar:2991-Spigot-018b9a0-f3f3094]
	at org.bukkit.craftbukkit.Main.main(Main.java:202) [server.jar:2991-Spigot-018b9a0-f3f3094]
