[04:17:09] [main/INFO]: Environment: authHost='https://authserver.mojang.com', accountsHost='https://api.mojang.com', sessionHost='https://sessionserver.mojang.com', servicesHost='https://api.minecraftservices.com', name='PROD'
[04:17:10] [main/INFO]: Reloading ResourceManager: Default, bukkit
[04:17:10] [Worker-Main-14/INFO]: Loaded 7 recipes
[04:17:12] [Server thread/INFO]: Starting minecraft server version 1.16.5
[04:17:12] [Server thread/INFO]: Loading properties
[04:17:13] [Server thread/INFO]: This server is running CraftBukkit version 2991-Spigot-018b9a0-f3f3094 (MC: 1.16.5) (Implementing API version 1.16.5-R0.1-SNAPSHOT)
[04:17:13] [Server thread/INFO]: Debug logging is disabled
[04:17:13] [Server thread/INFO]: Using 4 threads for Netty based IO
[04:17:13] [Server thread/INFO]: Server Ping Player Sample Count: 12
[04:17:13] [Server thread/INFO]: Default game type: SURVIVAL
[04:17:13] [Server thread/INFO]: Generating keypair
[04:17:14] [Server thread/INFO]: Starting Minecraft server on *:25565
[04:17:14] [Server thread/INFO]: Using default channel type
[04:17:15] [Server thread/WARN]: Initializing Legacy Material Support. Unless you have legacy plugins and/or data this is a bug!
[04:17:18] [Server thread/WARN]: Legacy plugin Tiny_Essentials v2.2.1 does not specify an api-version.
[04:17:18] [Server thread/ERROR]: Could not load 'plugins\EpicItems-1.3.jar' in folder 'plugins'
org.bukkit.plugin.InvalidPluginException: Unsupported API version 1.17
	at org.bukkit.craftbukkit.v1_16_R3.util.CraftMagicNumbers.checkSupported(CraftMagicNumbers.java:304) ~[server.jar:2991-Spigot-018b9a0-f3f3094]
	at org.bukkit.plugin.java.JavaPluginLoader.loadPlugin(JavaPluginLoader.java:131) ~[server.jar:2991-Spigot-018b9a0-f3f3094]
	at org.bukkit.plugin.SimplePluginManager.loadPlugin(SimplePluginManager.java:394) ~[server.jar:2991-Spigot-018b9a0-f3f3094]
	at org.bukkit.plugin.SimplePluginManager.loadPlugins(SimplePluginManager.java:301) [server.jar:2991-Spigot-018b9a0-f3f3094]
	at org.bukkit.craftbukkit.v1_16_R3.CraftServer.loadPlugins(CraftServer.java:383) [server.jar:2991-Spigot-018b9a0-f3f3094]
	at net.minecraft.server.v1_16_R3.DedicatedServer.init(DedicatedServer.java:185) [server.jar:2991-Spigot-018b9a0-f3f3094]
	at net.minecraft.server.v1_16_R3.MinecraftServer.w(MinecraftServer.java:809) [server.jar:2991-Spigot-018b9a0-f3f3094]
	at net.minecraft.server.v1_16_R3.MinecraftServer.lambda$0(MinecraftServer.java:164) [server.jar:2991-Spigot-018b9a0-f3f3094]
	at net.minecraft.server.v1_16_R3.MinecraftServer$$Lambda$3203/1515971318.run(Unknown Source) [server.jar:2991-Spigot-018b9a0-f3f3094]
	at java.lang.Thread.run(Unknown Source) [?:1.8.0_51]
[04:17:18] [Server thread/WARN]: Legacy plugin Ping v0.1 does not specify an api-version.
[04:17:18] [Server thread/WARN]: Legacy plugin Chiseler-Tool v1.0 does not specify an api-version.
[04:17:18] [Server thread/INFO]: [SetHomes] Loading SetHomes v1.3.0
[04:17:18] [Server thread/INFO]: [Tiny_Essentials] Loading Tiny_Essentials v2.2.1
[04:17:18] [Server thread/INFO]: [CustomMotd] Loading CustomMotd v1.0
[04:17:18] [Server thread/INFO]: [Ping] Loading Ping v0.1
[04:17:18] [Server thread/INFO]: [Chiseler-Tool] Loading Chiseler-Tool v1.0
[04:17:18] [Server thread/WARN]: **** SERVER IS RUNNING IN OFFLINE/INSECURE MODE!
[04:17:18] [Server thread/WARN]: The server will make no attempt to authenticate usernames. Beware.
[04:17:18] [Server thread/WARN]: While this makes the game possible to play without internet access, it also opens up the ability for hackers to connect with any username they choose.
[04:17:18] [Server thread/WARN]: To change this, set "online-mode" to "true" in the server.properties file.
[04:17:18] [Server thread/INFO]: Preparing level "Bakersland"
[04:17:18] [Server thread/INFO]: -------- World Settings For [Bakersland] --------
[04:17:18] [Server thread/INFO]: Arrow Despawn Rate: 1200 Trident Respawn Rate:1200
[04:17:18] [Server thread/INFO]: Entity Tracking Range: Pl 48 / An 48 / Mo 48 / Mi 32 / Other 64
[04:17:18] [Server thread/INFO]: Allow Zombie Pigmen to spawn from portal blocks: true
[04:17:18] [Server thread/INFO]: Item Merge Radius: 2.5
[04:17:18] [Server thread/INFO]: Item Despawn Rate: 6000
[04:17:18] [Server thread/INFO]: View Distance: 5
[04:17:18] [Server thread/INFO]: Nerfing mobs spawned from spawners: false
[04:17:18] [Server thread/INFO]: Zombie Aggressive Towards Villager: true
[04:17:18] [Server thread/INFO]: Custom Map Seeds:  Village: 10387312 Desert: 14357617 Igloo: 14357618 Jungle: 14357619 Swamp: 14357620 Monument: 10387313 Ocean: 14357621 Shipwreck: 165745295 End City: 10387313 Slime: 987234911 Bastion: 30084232 Fortress: 30084232 Mansion: 10387319 Fossil: 14357921 Portal: 34222645
[04:17:18] [Server thread/INFO]: Experience Merge Radius: 3.0
[04:17:18] [Server thread/INFO]: Mob Spawn Range: 6
[04:17:18] [Server thread/INFO]: Cactus Growth Modifier: 100%
[04:17:18] [Server thread/INFO]: Cane Growth Modifier: 100%
[04:17:18] [Server thread/INFO]: Melon Growth Modifier: 100%
[04:17:18] [Server thread/INFO]: Mushroom Growth Modifier: 100%
[04:17:18] [Server thread/INFO]: Pumpkin Growth Modifier: 100%
[04:17:18] [Server thread/INFO]: Sapling Growth Modifier: 100%
[04:17:18] [Server thread/INFO]: Beetroot Growth Modifier: 100%
[04:17:18] [Server thread/INFO]: Carrot Growth Modifier: 100%
[04:17:18] [Server thread/INFO]: Potato Growth Modifier: 100%
[04:17:18] [Server thread/INFO]: Wheat Growth Modifier: 100%
[04:17:18] [Server thread/INFO]: NetherWart Growth Modifier: 100%
[04:17:18] [Server thread/INFO]: Vine Growth Modifier: 100%
[04:17:18] [Server thread/INFO]: Cocoa Growth Modifier: 100%
[04:17:18] [Server thread/INFO]: Bamboo Growth Modifier: 100%
[04:17:18] [Server thread/INFO]: SweetBerry Growth Modifier: 100%
[04:17:18] [Server thread/INFO]: Kelp Growth Modifier: 100%
[04:17:18] [Server thread/INFO]: Tile Max Tick Time: 50ms Entity max Tick Time: 50ms
[04:17:18] [Server thread/INFO]: Hopper Transfer: 8 Hopper Check: 1 Hopper Amount: 1
[04:17:18] [Server thread/INFO]: Entity Activation Range: An 32 / Mo 32 / Ra 48 / Mi 16 / Tiv true
[04:17:18] [Server thread/INFO]: Max TNT Explosions: 100
[04:17:18] [Server thread/INFO]: -------- World Settings For [Bakersland_nether] --------
[04:17:18] [Server thread/INFO]: Arrow Despawn Rate: 1200 Trident Respawn Rate:1200
[04:17:18] [Server thread/INFO]: Entity Tracking Range: Pl 48 / An 48 / Mo 48 / Mi 32 / Other 64
[04:17:18] [Server thread/INFO]: Allow Zombie Pigmen to spawn from portal blocks: true
[04:17:18] [Server thread/INFO]: Item Merge Radius: 2.5
[04:17:18] [Server thread/INFO]: Item Despawn Rate: 6000
[04:17:18] [Server thread/INFO]: View Distance: 5
[04:17:18] [Server thread/INFO]: Nerfing mobs spawned from spawners: false
[04:17:18] [Server thread/INFO]: Zombie Aggressive Towards Villager: true
[04:17:18] [Server thread/INFO]: Custom Map Seeds:  Village: 10387312 Desert: 14357617 Igloo: 14357618 Jungle: 14357619 Swamp: 14357620 Monument: 10387313 Ocean: 14357621 Shipwreck: 165745295 End City: 10387313 Slime: 987234911 Bastion: 30084232 Fortress: 30084232 Mansion: 10387319 Fossil: 14357921 Portal: 34222645
[04:17:18] [Server thread/INFO]: Experience Merge Radius: 3.0
[04:17:18] [Server thread/INFO]: Mob Spawn Range: 6
[04:17:18] [Server thread/INFO]: Cactus Growth Modifier: 100%
[04:17:18] [Server thread/INFO]: Cane Growth Modifier: 100%
[04:17:18] [Server thread/INFO]: Melon Growth Modifier: 100%
[04:17:18] [Server thread/INFO]: Mushroom Growth Modifier: 100%
[04:17:18] [Server thread/INFO]: Pumpkin Growth Modifier: 100%
[04:17:18] [Server thread/INFO]: Sapling Growth Modifier: 100%
[04:17:18] [Server thread/INFO]: Beetroot Growth Modifier: 100%
[04:17:18] [Server thread/INFO]: Carrot Growth Modifier: 100%
[04:17:18] [Server thread/INFO]: Potato Growth Modifier: 100%
[04:17:18] [Server thread/INFO]: Wheat Growth Modifier: 100%
[04:17:18] [Server thread/INFO]: NetherWart Growth Modifier: 100%
[04:17:18] [Server thread/INFO]: Vine Growth Modifier: 100%
[04:17:18] [Server thread/INFO]: Cocoa Growth Modifier: 100%
[04:17:18] [Server thread/INFO]: Bamboo Growth Modifier: 100%
[04:17:18] [Server thread/INFO]: SweetBerry Growth Modifier: 100%
[04:17:18] [Server thread/INFO]: Kelp Growth Modifier: 100%
[04:17:18] [Server thread/INFO]: Tile Max Tick Time: 50ms Entity max Tick Time: 50ms
[04:17:18] [Server thread/INFO]: Hopper Transfer: 8 Hopper Check: 1 Hopper Amount: 1
[04:17:18] [Server thread/INFO]: Entity Activation Range: An 32 / Mo 32 / Ra 48 / Mi 16 / Tiv true
[04:17:18] [Server thread/INFO]: Max TNT Explosions: 100
[04:17:18] [Server thread/INFO]: -------- World Settings For [Bakersland_the_end] --------
[04:17:18] [Server thread/INFO]: Arrow Despawn Rate: 1200 Trident Respawn Rate:1200
[04:17:18] [Server thread/INFO]: Entity Tracking Range: Pl 48 / An 48 / Mo 48 / Mi 32 / Other 64
[04:17:18] [Server thread/INFO]: Allow Zombie Pigmen to spawn from portal blocks: true
[04:17:18] [Server thread/INFO]: Item Merge Radius: 2.5
[04:17:18] [Server thread/INFO]: Item Despawn Rate: 6000
[04:17:18] [Server thread/INFO]: View Distance: 5
[04:17:18] [Server thread/INFO]: Nerfing mobs spawned from spawners: false
[04:17:18] [Server thread/INFO]: Zombie Aggressive Towards Villager: true
[04:17:18] [Server thread/INFO]: Custom Map Seeds:  Village: 10387312 Desert: 14357617 Igloo: 14357618 Jungle: 14357619 Swamp: 14357620 Monument: 10387313 Ocean: 14357621 Shipwreck: 165745295 End City: 10387313 Slime: 987234911 Bastion: 30084232 Fortress: 30084232 Mansion: 10387319 Fossil: 14357921 Portal: 34222645
[04:17:18] [Server thread/INFO]: Experience Merge Radius: 3.0
[04:17:18] [Server thread/INFO]: Mob Spawn Range: 6
[04:17:18] [Server thread/INFO]: Cactus Growth Modifier: 100%
[04:17:18] [Server thread/INFO]: Cane Growth Modifier: 100%
[04:17:18] [Server thread/INFO]: Melon Growth Modifier: 100%
[04:17:18] [Server thread/INFO]: Mushroom Growth Modifier: 100%
[04:17:18] [Server thread/INFO]: Pumpkin Growth Modifier: 100%
[04:17:18] [Server thread/INFO]: Sapling Growth Modifier: 100%
[04:17:18] [Server thread/INFO]: Beetroot Growth Modifier: 100%
[04:17:18] [Server thread/INFO]: Carrot Growth Modifier: 100%
[04:17:18] [Server thread/INFO]: Potato Growth Modifier: 100%
[04:17:18] [Server thread/INFO]: Wheat Growth Modifier: 100%
[04:17:18] [Server thread/INFO]: NetherWart Growth Modifier: 100%
[04:17:18] [Server thread/INFO]: Vine Growth Modifier: 100%
[04:17:18] [Server thread/INFO]: Cocoa Growth Modifier: 100%
[04:17:18] [Server thread/INFO]: Bamboo Growth Modifier: 100%
[04:17:18] [Server thread/INFO]: SweetBerry Growth Modifier: 100%
[04:17:18] [Server thread/INFO]: Kelp Growth Modifier: 100%
[04:17:18] [Server thread/INFO]: Tile Max Tick Time: 50ms Entity max Tick Time: 50ms
[04:17:18] [Server thread/INFO]: Hopper Transfer: 8 Hopper Check: 1 Hopper Amount: 1
[04:17:18] [Server thread/INFO]: Entity Activation Range: An 32 / Mo 32 / Ra 48 / Mi 16 / Tiv true
[04:17:18] [Server thread/INFO]: Max TNT Explosions: 100
[04:17:18] [Server thread/INFO]: Preparing start region for dimension minecraft:overworld
[04:17:19] [Server thread/INFO]: Preparing spawn area: 0%
[04:17:19] [Server thread/INFO]: Preparing spawn area: 0%
[04:17:19] [Server thread/INFO]: Preparing spawn area: 0%
[04:17:20] [Server thread/INFO]: Preparing spawn area: 47%
[04:17:22] [Worker-Main-13/INFO]: Preparing spawn area: 83%
[04:17:22] [Worker-Main-10/INFO]: Preparing spawn area: 83%
[04:17:22] [Worker-Main-10/INFO]: Preparing spawn area: 83%
[04:17:22] [Worker-Main-10/INFO]: Preparing spawn area: 83%
[04:17:22] [Worker-Main-10/INFO]: Preparing spawn area: 83%
[04:17:23] [Worker-Main-16/INFO]: Preparing spawn area: 83%
[04:17:23] [Worker-Main-16/INFO]: Preparing spawn area: 83%
[04:17:24] [Worker-Main-15/INFO]: Preparing spawn area: 83%
[04:17:24] [Worker-Main-10/INFO]: Preparing spawn area: 86%
[04:17:25] [Worker-Main-9/INFO]: Preparing spawn area: 97%
[04:17:25] [Server thread/INFO]: Time elapsed: 6666 ms
[04:17:25] [Server thread/INFO]: Preparing start region for dimension minecraft:the_nether
[04:17:25] [Server thread/INFO]: Preparing spawn area: 0%
[04:17:25] [Worker-Main-15/INFO]: Preparing spawn area: 83%
[04:17:26] [Worker-Main-10/INFO]: Preparing spawn area: 83%
[04:17:26] [Worker-Main-9/INFO]: Preparing spawn area: 83%
[04:17:27] [Worker-Main-8/INFO]: Preparing spawn area: 89%
[04:17:27] [Worker-Main-16/INFO]: Preparing spawn area: 99%
[04:17:27] [Server thread/INFO]: Time elapsed: 2530 ms
[04:17:27] [Server thread/INFO]: Preparing start region for dimension minecraft:the_end
[04:17:28] [Server thread/INFO]: Preparing spawn area: 0%
[04:17:28] [Worker-Main-9/INFO]: Preparing spawn area: 98%
[04:17:28] [Server thread/INFO]: Time elapsed: 509 ms
[04:17:28] [Server thread/INFO]: [SetHomes] Enabling SetHomes v1.3.0
[04:17:28] [Server thread/INFO]: [SetHomes] Luck perms was not found! Reverting to vault...
[04:17:28] [Server thread/INFO]: [SetHomes] Vault was not found.
[04:17:28] [Server thread/WARN]: [SetHomes] Could not connect to a permissions plugin! Config setting "max-homes" will be ignored!
[04:17:28] [Server thread/INFO]: [Tiny_Essentials] Enabling Tiny_Essentials v2.2.1
[04:17:28] [Server thread/INFO]: [Tiny_Essentials] Color:[rgb0x0800]TinyEssentials is created by Inwin1. Thank you for using my plugin, and enjoy :)
[04:17:28] [Server thread/INFO]: [CustomMotd] Enabling CustomMotd v1.0
[04:17:28] [Server thread/INFO]: Pkugin Custom Motds Enabled
[04:17:28] [Server thread/INFO]: [Ping] Enabling Ping v0.1
[04:17:28] [Server thread/INFO]: [Chiseler-Tool] Enabling Chiseler-Tool v1.0
[04:17:28] [Server thread/INFO]: Server permissions file permissions.yml is empty, ignoring it
[04:17:28] [Server thread/INFO]: Done (10.316s)! For help, type "help"
[04:17:35] [Server thread/INFO]: Stopping server
[04:17:35] [Server thread/INFO]: [Chiseler-Tool] Disabling Chiseler-Tool v1.0
[04:17:35] [Server thread/INFO]: [Ping] Disabling Ping v0.1
[04:17:35] [Server thread/INFO]: [CustomMotd] Disabling CustomMotd v1.0
[04:17:35] [Server thread/INFO]: [Tiny_Essentials] Disabling Tiny_Essentials v2.2.1
[04:17:35] [Server thread/INFO]: [SetHomes] Disabling SetHomes v1.3.0
[04:17:35] [Server thread/INFO]: Saving players
[04:17:35] [Server thread/INFO]: Saving worlds
[04:17:35] [Server thread/INFO]: Saving chunks for level 'ServerLevel[Bakersland]'/minecraft:overworld
[04:17:36] [Server thread/INFO]: ThreadedAnvilChunkStorage (Bakersland): All chunks are saved
[04:17:36] [Server thread/INFO]: Saving chunks for level 'ServerLevel[Bakersland_nether]'/minecraft:the_nether
[04:17:36] [Server thread/INFO]: ThreadedAnvilChunkStorage (DIM-1): All chunks are saved
[04:17:36] [Server thread/INFO]: Saving chunks for level 'ServerLevel[Bakersland_the_end]'/minecraft:the_end
[04:17:37] [Server thread/INFO]: ThreadedAnvilChunkStorage (DIM1): All chunks are saved
[04:17:37] [Server thread/INFO]: ThreadedAnvilChunkStorage (Bakersland): All chunks are saved
[04:17:37] [Server thread/INFO]: ThreadedAnvilChunkStorage (DIM-1): All chunks are saved
[04:17:37] [Server thread/INFO]: ThreadedAnvilChunkStorage (DIM1): All chunks are saved
